GET / HTTP/1.1
Host: localhost:3000
Connection: keep-alive
sec-ch-ua: "Google Chrome";v="141", "Not?A_Brand";v="8", "Chromium";v="141"
sec-ch-ua-mobile: ?0
sec-ch-ua-platform: "Windows"
Upgrade-Insecure-Requests: 1
User-Agent: Mozilla/5.0 (Windows NT 10.0; Win64; x64) AppleWebKit/537.36 (KHTML, like Gecko) Chrome/141.0.0.0 Safari/537.36
Accept: text/html,application/xhtml+xml,application/xml;q=0.9,image/avif,image/webp,image/apng,*/*;q=0.8,application/signed-exchange;v=b3;q=0.7
Sec-Fetch-Site: same-origin
Sec-Fetch-Mode: navigate
Sec-Fetch-User: ?1
Sec-Fetch-Dest: document
Referer: http://localhost:3000/
Accept-Encoding: gzip, deflate, br, zstd
Accept-Language: en-US,en;q=0.9
Cookie: __next_hmr_refresh_hash__=102
READLINE: 
GET
READLINE: 
GET / 
READLINE: 
GET / HTT
READLINE: 
GET / HTTP/1
READLINE: 
GET / HTTP/1.1
READLINE: 
GET / HTTP/1.1
Ho
READLINE: 
G
READLINE: 
GE
READLINE: 
GET
READLINE: 
GET 
READLINE: 
GET /
READLINE: 
GET /c
READLINE: 
GET /co
READLINE: 
GET /cof
READLINE: 
GET /coff
READLINE: 
GET /coffe
READLINE: 
GET /coffee
READLINE: 
GET /coffee 
READLINE: 
GET /coffee H
READLINE: 
GET /coffee HT
READLINE: 
GET /coffee HTT
READLINE: 
GET /coffee HTTP
READLINE: 
GET /coffee HTTP/
READLINE: 
GET /coffee HTTP/1
READLINE: 
GET /coffee HTTP/1.
READLINE: 
GET /coffee HTTP/1.1
READLINE: 
GET /coffee HTTP/1.1
READLINE: 
GET /coffee HTTP/1.1

